SampleAppKotlin/build/intermediates/manifest_merge_blame_file/debug/manifest-merger-blame-debug-report.txt
1<?xml version="1.0" encoding="utf-8"?>
2<manifest xmlns:android="http://schemas.android.com/apk/res/android"
3    package="com.daon.fido.sdk.sample.kt"
4    android:versionCode="1"
5    android:versionName="4.7" >
6
7    <uses-sdk
8        android:minSdkVersion="21"
8-->src\main\AndroidManifest.xml
9        android:targetSdkVersion="34" />
9-->src\main\AndroidManifest.xml
10
11    <uses-feature
11-->src\main\AndroidManifest.xml:4:5-6:36
12        android:name="android.hardware.camera"
12-->src\main\AndroidManifest.xml:5:9-47
13        android:required="true" />
13-->src\main\AndroidManifest.xml:6:9-33
14
15    <uses-permission android:name="android.permission.CAMERA" />
15-->src\main\AndroidManifest.xml:8:5-65
15-->src\main\AndroidManifest.xml:8:22-62
16    <uses-permission android:name="android.permission.INTERNET" />
16-->src\main\AndroidManifest.xml:9:5-67
16-->src\main\AndroidManifest.xml:9:22-64
17    <uses-permission android:name="android.permission.ACCESS_WIFI_STATE" />
17-->src\main\AndroidManifest.xml:10:5-76
17-->src\main\AndroidManifest.xml:10:22-73
18    <uses-permission android:name="android.permission.READ_PHONE_STATE" />
18-->src\main\AndroidManifest.xml:11:5-75
18-->src\main\AndroidManifest.xml:11:22-72
19    <uses-permission android:name="android.permission.ACCESS_FINE_LOCATION" />
19-->src\main\AndroidManifest.xml:12:5-79
19-->src\main\AndroidManifest.xml:12:22-76
20    <uses-permission android:name="android.permission.ACCESS_COARSE_LOCATION" />
20-->src\main\AndroidManifest.xml:13:5-81
20-->src\main\AndroidManifest.xml:13:22-78
21    <uses-permission android:name="android.permission.USE_BIOMETRIC" /> <!-- suppress DeprecatedClassUsageInspection -->
21-->[androidx.biometric:biometric:1.1.0] AndroidManifest.xml:24:5-72
21-->[androidx.biometric:biometric:1.1.0] AndroidManifest.xml:24:22-69
22    <uses-permission android:name="android.permission.USE_FINGERPRINT" />
22-->[androidx.biometric:biometric:1.1.0] AndroidManifest.xml:27:5-74
22-->[androidx.biometric:biometric:1.1.0] AndroidManifest.xml:27:22-71
23
24    <permission
24-->[androidx.core:core:1.13.0] AndroidManifest.xml:22:5-24:47
25        android:name="com.daon.fido.sdk.sample.kt.DYNAMIC_RECEIVER_NOT_EXPORTED_PERMISSION"
25-->[androidx.core:core:1.13.0] AndroidManifest.xml:23:9-81
26        android:protectionLevel="signature" />
26-->[androidx.core:core:1.13.0] AndroidManifest.xml:24:9-44
27
28    <uses-permission android:name="com.daon.fido.sdk.sample.kt.DYNAMIC_RECEIVER_NOT_EXPORTED_PERMISSION" />
28-->[androidx.core:core:1.13.0] AndroidManifest.xml:26:5-97
28-->[androidx.core:core:1.13.0] AndroidManifest.xml:26:22-94
29    <uses-permission android:name="android.permission.VIBRATE" />
29-->[com.daon.sdk.authenticator:com.daon.sdk.authenticator:4.7.40] AndroidManifest.xml:7:5-66
29-->[com.daon.sdk.authenticator:com.daon.sdk.authenticator:4.7.40] AndroidManifest.xml:7:22-63
30
31    <uses-feature
31-->[com.daon.sdk.face:com.daon.sdk.face:5.2.17] AndroidManifest.xml:10:5-12:36
32        android:name="android.hardware.camera.front"
32-->[com.daon.sdk.face:com.daon.sdk.face:5.2.17] AndroidManifest.xml:11:9-53
33        android:required="false" />
33-->[com.daon.sdk.face:com.daon.sdk.face:5.2.17] AndroidManifest.xml:12:9-33
34    <uses-feature
34-->[com.daon.sdk.face:com.daon.sdk.face:5.2.17] AndroidManifest.xml:13:5-15:36
35        android:name="android.hardware.camera.autofocus"
35-->[com.daon.sdk.face:com.daon.sdk.face:5.2.17] AndroidManifest.xml:14:9-57
36        android:required="false" />
36-->[com.daon.sdk.face:com.daon.sdk.face:5.2.17] AndroidManifest.xml:15:9-33
37
38    <application
38-->src\main\AndroidManifest.xml:15:5-37:19
39        android:name="com.daon.fido.sdk.sample.kt.HiltApplication"
39-->src\main\AndroidManifest.xml:16:9-40
40        android:allowBackup="true"
40-->src\main\AndroidManifest.xml:17:9-35
41        android:appComponentFactory="androidx.core.app.CoreComponentFactory"
41-->[androidx.core:core:1.13.0] AndroidManifest.xml:28:18-86
42        android:debuggable="true"
43        android:icon="@mipmap/ic_launcher"
43-->src\main\AndroidManifest.xml:18:9-43
44        android:label="@string/app_name"
44-->src\main\AndroidManifest.xml:19:9-41
45        android:roundIcon="@mipmap/ic_launcher_round"
45-->src\main\AndroidManifest.xml:20:9-54
46        android:supportsRtl="true"
46-->src\main\AndroidManifest.xml:21:9-35
47        android:testOnly="true"
48        android:theme="@style/Theme.FidoBasic" >
48-->src\main\AndroidManifest.xml:22:9-47
49        <activity
49-->src\main\AndroidManifest.xml:23:9-36:20
50            android:name="com.daon.fido.sdk.sample.kt.IntroActivity"
50-->src\main\AndroidManifest.xml:24:13-42
51            android:exported="true"
51-->src\main\AndroidManifest.xml:25:13-36
52            android:label="@string/app_name"
52-->src\main\AndroidManifest.xml:26:13-45
53            android:theme="@style/Theme.FidoBasic" >
53-->src\main\AndroidManifest.xml:27:13-51
54            <intent-filter>
54-->src\main\AndroidManifest.xml:28:13-32:29
55                <action android:name="android.intent.action.MAIN" />
55-->src\main\AndroidManifest.xml:29:17-69
55-->src\main\AndroidManifest.xml:29:25-66
56
57                <category android:name="android.intent.category.LAUNCHER" />
57-->src\main\AndroidManifest.xml:31:17-77
57-->src\main\AndroidManifest.xml:31:27-74
58            </intent-filter>
59
60            <meta-data
60-->src\main\AndroidManifest.xml:33:13-35:36
61                android:name="android.app.lib_name"
61-->src\main\AndroidManifest.xml:34:17-52
62                android:value="" />
62-->src\main\AndroidManifest.xml:35:17-33
63        </activity>
64
65        <service
65-->[androidx.camera:camera-camera2:1.3.3] AndroidManifest.xml:24:9-33:19
66            android:name="androidx.camera.core.impl.MetadataHolderService"
66-->[androidx.camera:camera-camera2:1.3.3] AndroidManifest.xml:25:13-75
67            android:enabled="false"
67-->[androidx.camera:camera-camera2:1.3.3] AndroidManifest.xml:26:13-36
68            android:exported="false" >
68-->[androidx.camera:camera-camera2:1.3.3] AndroidManifest.xml:27:13-37
69            <meta-data
69-->[androidx.camera:camera-camera2:1.3.3] AndroidManifest.xml:30:13-32:89
70                android:name="androidx.camera.core.impl.MetadataHolderService.DEFAULT_CONFIG_PROVIDER"
70-->[androidx.camera:camera-camera2:1.3.3] AndroidManifest.xml:31:17-103
71                android:value="androidx.camera.camera2.Camera2Config$DefaultProvider" />
71-->[androidx.camera:camera-camera2:1.3.3] AndroidManifest.xml:32:17-86
72        </service>
73
74        <meta-data
74-->[com.google.android.gms:play-services-basement:18.1.0] AndroidManifest.xml:21:9-23:69
75            android:name="com.google.android.gms.version"
75-->[com.google.android.gms:play-services-basement:18.1.0] AndroidManifest.xml:22:13-58
76            android:value="@integer/google_play_services_version" />
76-->[com.google.android.gms:play-services-basement:18.1.0] AndroidManifest.xml:23:13-66
77
78        <activity
78-->[androidx.compose.ui:ui-tooling-android:1.5.1] AndroidManifest.xml:23:9-25:39
79            android:name="androidx.compose.ui.tooling.PreviewActivity"
79-->[androidx.compose.ui:ui-tooling-android:1.5.1] AndroidManifest.xml:24:13-71
80            android:exported="true" />
80-->[androidx.compose.ui:ui-tooling-android:1.5.1] AndroidManifest.xml:25:13-36
81        <activity
81-->[androidx.compose.ui:ui-test-manifest:1.5.1] AndroidManifest.xml:23:9-25:39
82            android:name="androidx.activity.ComponentActivity"
82-->[androidx.compose.ui:ui-test-manifest:1.5.1] AndroidManifest.xml:24:13-63
83            android:exported="true" />
83-->[androidx.compose.ui:ui-test-manifest:1.5.1] AndroidManifest.xml:25:13-36
84
85        <provider
85-->[androidx.emoji2:emoji2:1.4.0] AndroidManifest.xml:24:9-32:20
86            android:name="androidx.startup.InitializationProvider"
86-->[androidx.emoji2:emoji2:1.4.0] AndroidManifest.xml:25:13-67
87            android:authorities="com.daon.fido.sdk.sample.kt.androidx-startup"
87-->[androidx.emoji2:emoji2:1.4.0] AndroidManifest.xml:26:13-68
88            android:exported="false" >
88-->[androidx.emoji2:emoji2:1.4.0] AndroidManifest.xml:27:13-37
89            <meta-data
89-->[androidx.emoji2:emoji2:1.4.0] AndroidManifest.xml:29:13-31:52
90                android:name="androidx.emoji2.text.EmojiCompatInitializer"
90-->[androidx.emoji2:emoji2:1.4.0] AndroidManifest.xml:30:17-75
91                android:value="androidx.startup" />
91-->[androidx.emoji2:emoji2:1.4.0] AndroidManifest.xml:31:17-49
92            <meta-data
92-->[androidx.lifecycle:lifecycle-process:2.7.0] AndroidManifest.xml:29:13-31:52
93                android:name="androidx.lifecycle.ProcessLifecycleInitializer"
93-->[androidx.lifecycle:lifecycle-process:2.7.0] AndroidManifest.xml:30:17-78
94                android:value="androidx.startup" />
94-->[androidx.lifecycle:lifecycle-process:2.7.0] AndroidManifest.xml:31:17-49
95            <meta-data
95-->[androidx.profileinstaller:profileinstaller:1.3.1] AndroidManifest.xml:29:13-31:52
96                android:name="androidx.profileinstaller.ProfileInstallerInitializer"
96-->[androidx.profileinstaller:profileinstaller:1.3.1] AndroidManifest.xml:30:17-85
97                android:value="androidx.startup" />
97-->[androidx.profileinstaller:profileinstaller:1.3.1] AndroidManifest.xml:31:17-49
98        </provider>
99
100        <uses-library
100-->[androidx.window:window:1.0.0] AndroidManifest.xml:25:9-27:40
101            android:name="androidx.window.extensions"
101-->[androidx.window:window:1.0.0] AndroidManifest.xml:26:13-54
102            android:required="false" />
102-->[androidx.window:window:1.0.0] AndroidManifest.xml:27:13-37
103        <uses-library
103-->[androidx.window:window:1.0.0] AndroidManifest.xml:28:9-30:40
104            android:name="androidx.window.sidecar"
104-->[androidx.window:window:1.0.0] AndroidManifest.xml:29:13-51
105            android:required="false" />
105-->[androidx.window:window:1.0.0] AndroidManifest.xml:30:13-37
106
107        <activity
107-->[com.daon.sdk.fido.client:com.daon.sdk.fido.client-ktx:4.7.40] AndroidManifest.xml:13:9-15:50
108            android:name="com.daon.fido.client.sdk.init.InitialiseSdkActivity"
108-->[com.daon.sdk.fido.client:com.daon.sdk.fido.client-ktx:4.7.40] AndroidManifest.xml:14:13-79
109            android:theme="@style/Transparent" />
109-->[com.daon.sdk.fido.client:com.daon.sdk.fido.client-ktx:4.7.40] AndroidManifest.xml:15:13-47
110        <activity
110-->[com.daon.sdk.fido.client:com.daon.sdk.fido.client-ktx:4.7.40] AndroidManifest.xml:16:9-18:50
111            android:name="com.daon.fido.client.sdk.reg.UafClientRegisterActivity"
111-->[com.daon.sdk.fido.client:com.daon.sdk.fido.client-ktx:4.7.40] AndroidManifest.xml:17:13-82
112            android:theme="@style/Transparent" />
112-->[com.daon.sdk.fido.client:com.daon.sdk.fido.client-ktx:4.7.40] AndroidManifest.xml:18:13-47
113        <activity
113-->[com.daon.sdk.fido.client:com.daon.sdk.fido.client-ktx:4.7.40] AndroidManifest.xml:19:9-21:50
114            android:name="com.daon.fido.client.sdk.reg.UafAsmRegisterActivity"
114-->[com.daon.sdk.fido.client:com.daon.sdk.fido.client-ktx:4.7.40] AndroidManifest.xml:20:13-79
115            android:theme="@style/Transparent" />
115-->[com.daon.sdk.fido.client:com.daon.sdk.fido.client-ktx:4.7.40] AndroidManifest.xml:21:13-47
116        <activity
116-->[com.daon.sdk.fido.client:com.daon.sdk.fido.client-ktx:4.7.40] AndroidManifest.xml:22:9-24:50
117            android:name="com.daon.fido.client.sdk.dereg.UafClientDeregisterActivity"
117-->[com.daon.sdk.fido.client:com.daon.sdk.fido.client-ktx:4.7.40] AndroidManifest.xml:23:13-86
118            android:theme="@style/Transparent" />
118-->[com.daon.sdk.fido.client:com.daon.sdk.fido.client-ktx:4.7.40] AndroidManifest.xml:24:13-47
119        <activity
119-->[com.daon.sdk.fido.client:com.daon.sdk.fido.client-ktx:4.7.40] AndroidManifest.xml:25:9-27:50
120            android:name="com.daon.fido.client.sdk.dereg.UafAsmDeregisterActivity"
120-->[com.daon.sdk.fido.client:com.daon.sdk.fido.client-ktx:4.7.40] AndroidManifest.xml:26:13-83
121            android:theme="@style/Transparent" />
121-->[com.daon.sdk.fido.client:com.daon.sdk.fido.client-ktx:4.7.40] AndroidManifest.xml:27:13-47
122        <activity
122-->[com.daon.sdk.fido.client:com.daon.sdk.fido.client-ktx:4.7.40] AndroidManifest.xml:28:9-30:50
123            android:name="com.daon.fido.client.sdk.auth.UafClientAuthenticateActivity"
123-->[com.daon.sdk.fido.client:com.daon.sdk.fido.client-ktx:4.7.40] AndroidManifest.xml:29:13-87
124            android:theme="@style/Transparent" />
124-->[com.daon.sdk.fido.client:com.daon.sdk.fido.client-ktx:4.7.40] AndroidManifest.xml:30:13-47
125        <activity
125-->[com.daon.sdk.fido.client:com.daon.sdk.fido.client-ktx:4.7.40] AndroidManifest.xml:31:9-33:50
126            android:name="com.daon.fido.client.sdk.auth.UafAsmAuthenticateActivity"
126-->[com.daon.sdk.fido.client:com.daon.sdk.fido.client-ktx:4.7.40] AndroidManifest.xml:32:13-84
127            android:theme="@style/Transparent" />
127-->[com.daon.sdk.fido.client:com.daon.sdk.fido.client-ktx:4.7.40] AndroidManifest.xml:33:13-47
128        <activity
128-->[com.daon.sdk.fido.client:com.daon.sdk.fido.client-ktx:4.7.40] AndroidManifest.xml:34:9-36:50
129            android:name="com.daon.fido.client.sdk.auth.UafAsmGetRegistrationsActivity"
129-->[com.daon.sdk.fido.client:com.daon.sdk.fido.client-ktx:4.7.40] AndroidManifest.xml:35:13-88
130            android:theme="@style/Transparent" />
130-->[com.daon.sdk.fido.client:com.daon.sdk.fido.client-ktx:4.7.40] AndroidManifest.xml:36:13-47
131        <activity
131-->[com.daon.sdk.fido.client:com.daon.sdk.fido.client-ktx:4.7.40] AndroidManifest.xml:37:9-39:53
132            android:name="com.daon.fido.client.sdk.ui.ChooseAuthenticatorActivity"
132-->[com.daon.sdk.fido.client:com.daon.sdk.fido.client-ktx:4.7.40] AndroidManifest.xml:38:13-83
133            android:theme="@style/FidoSdk.Dialog" />
133-->[com.daon.sdk.fido.client:com.daon.sdk.fido.client-ktx:4.7.40] AndroidManifest.xml:39:13-50
134        <activity
134-->[com.daon.sdk.fido.client:com.daon.sdk.fido.client-ktx:4.7.40] AndroidManifest.xml:40:9-42:53
135            android:name="com.daon.fido.client.sdk.ui.ChooseAccountActivity"
135-->[com.daon.sdk.fido.client:com.daon.sdk.fido.client-ktx:4.7.40] AndroidManifest.xml:41:13-77
136            android:theme="@style/FidoSdk.Dialog" />
136-->[com.daon.sdk.fido.client:com.daon.sdk.fido.client-ktx:4.7.40] AndroidManifest.xml:42:13-50
137        <activity
137-->[com.daon.sdk.fido.client:com.daon.sdk.fido.client-ktx:4.7.40] AndroidManifest.xml:43:9-45:53
138            android:name="com.daon.fido.client.sdk.ui.DisplayTransactionActivity"
138-->[com.daon.sdk.fido.client:com.daon.sdk.fido.client-ktx:4.7.40] AndroidManifest.xml:44:13-82
139            android:theme="@style/FidoSdk.Dialog" />
139-->[com.daon.sdk.fido.client:com.daon.sdk.fido.client-ktx:4.7.40] AndroidManifest.xml:45:13-50
140        <activity
140-->[com.daon.sdk.authenticator:com.daon.sdk.authcommon:4.7.40] AndroidManifest.xml:10:9-13:59
141            android:name="com.daon.sdk.authenticator.capture.CaptureActivity"
141-->[com.daon.sdk.authenticator:com.daon.sdk.authcommon:4.7.40] AndroidManifest.xml:11:13-78
142            android:screenOrientation="portrait"
142-->[com.daon.sdk.authenticator:com.daon.sdk.authcommon:4.7.40] AndroidManifest.xml:12:13-49
143            android:theme="@style/SDKTheme.NoActionBar" />
143-->[com.daon.sdk.authenticator:com.daon.sdk.authcommon:4.7.40] AndroidManifest.xml:13:13-56
144
145        <receiver
145-->[androidx.profileinstaller:profileinstaller:1.3.1] AndroidManifest.xml:34:9-52:20
146            android:name="androidx.profileinstaller.ProfileInstallReceiver"
146-->[androidx.profileinstaller:profileinstaller:1.3.1] AndroidManifest.xml:35:13-76
147            android:directBootAware="false"
147-->[androidx.profileinstaller:profileinstaller:1.3.1] AndroidManifest.xml:36:13-44
148            android:enabled="true"
148-->[androidx.profileinstaller:profileinstaller:1.3.1] AndroidManifest.xml:37:13-35
149            android:exported="true"
149-->[androidx.profileinstaller:profileinstaller:1.3.1] AndroidManifest.xml:38:13-36
150            android:permission="android.permission.DUMP" >
150-->[androidx.profileinstaller:profileinstaller:1.3.1] AndroidManifest.xml:39:13-57
151            <intent-filter>
151-->[androidx.profileinstaller:profileinstaller:1.3.1] AndroidManifest.xml:40:13-42:29
152                <action android:name="androidx.profileinstaller.action.INSTALL_PROFILE" />
152-->[androidx.profileinstaller:profileinstaller:1.3.1] AndroidManifest.xml:41:17-91
152-->[androidx.profileinstaller:profileinstaller:1.3.1] AndroidManifest.xml:41:25-88
153            </intent-filter>
154            <intent-filter>
154-->[androidx.profileinstaller:profileinstaller:1.3.1] AndroidManifest.xml:43:13-45:29
155                <action android:name="androidx.profileinstaller.action.SKIP_FILE" />
155-->[androidx.profileinstaller:profileinstaller:1.3.1] AndroidManifest.xml:44:17-85
155-->[androidx.profileinstaller:profileinstaller:1.3.1] AndroidManifest.xml:44:25-82
156            </intent-filter>
157            <intent-filter>
157-->[androidx.profileinstaller:profileinstaller:1.3.1] AndroidManifest.xml:46:13-48:29
158                <action android:name="androidx.profileinstaller.action.SAVE_PROFILE" />
158-->[androidx.profileinstaller:profileinstaller:1.3.1] AndroidManifest.xml:47:17-88
158-->[androidx.profileinstaller:profileinstaller:1.3.1] AndroidManifest.xml:47:25-85
159            </intent-filter>
160            <intent-filter>
160-->[androidx.profileinstaller:profileinstaller:1.3.1] AndroidManifest.xml:49:13-51:29
161                <action android:name="androidx.profileinstaller.action.BENCHMARK_OPERATION" />
161-->[androidx.profileinstaller:profileinstaller:1.3.1] AndroidManifest.xml:50:17-95
161-->[androidx.profileinstaller:profileinstaller:1.3.1] AndroidManifest.xml:50:25-92
162            </intent-filter>
163        </receiver> <!-- The activities will be merged into the manifest of the hosting app. -->
164        <activity
164-->[com.google.android.play:core-common:2.0.3] AndroidManifest.xml:14:9-18:65
165            android:name="com.google.android.play.core.common.PlayCoreDialogWrapperActivity"
165-->[com.google.android.play:core-common:2.0.3] AndroidManifest.xml:15:13-93
166            android:exported="false"
166-->[com.google.android.play:core-common:2.0.3] AndroidManifest.xml:16:13-37
167            android:stateNotNeeded="true"
167-->[com.google.android.play:core-common:2.0.3] AndroidManifest.xml:17:13-42
168            android:theme="@style/Theme.PlayCore.Transparent" />
168-->[com.google.android.play:core-common:2.0.3] AndroidManifest.xml:18:13-62
169    </application>
170
171</manifest>